0 info it worked if it ends with ok
1 verbose cli [ '/usr/bin/node', '/usr/bin/npm', 'run', 'start' ]
2 info using npm@3.5.2
3 info using node@v8.10.0
4 verbose run-script [ 'prestart', 'start', 'poststart' ]
5 info lifecycle cravings@1.0.0~prestart: cravings@1.0.0
6 silly lifecycle cravings@1.0.0~prestart: no script for prestart, continuing
7 info lifecycle cravings@1.0.0~start: cravings@1.0.0
8 verbose lifecycle cravings@1.0.0~start: unsafe-perm in lifecycle true
9 verbose lifecycle cravings@1.0.0~start: PATH: /usr/share/npm/bin/node-gyp-bin:/mnt/c/Users/sonup/Documents/school/usc/coursework/junior_year/semester2/csci401/cravings/node_modules/.bin:/usr/local/sbin:/usr/local/bin:/usr/sbin:/usr/bin:/sbin:/bin:/usr/games:/usr/local/games:/mnt/c/WinAVR-20100110/bin:/mnt/c/WinAVR-20100110/utils/bin:/mnt/c/Program Files (x86)/Intel/iCLS Client:/mnt/c/Program Files/Intel/iCLS Client:/mnt/c/Windows/System32:/mnt/c/Windows:/mnt/c/Windows/System32/wbem:/mnt/c/Windows/System32/WindowsPowerShell/v1.0:/mnt/c/Program Files (x86)/Intel/Intel(R) Management Engine Components/DAL:/mnt/c/Program Files/Intel/Intel(R) Management Engine Components/DAL:/mnt/c/Program Files (x86)/Intel/Intel(R) Management Engine Components/IPT:/mnt/c/Program Files/Intel/Intel(R) Management Engine Components/IPT:/mnt/c/Program Files (x86)/NVIDIA Corporation/PhysX/Common:/mnt/c/Windows/System32:/mnt/c/Windows:/mnt/c/Windows/System32/wbem:/mnt/c/Windows/System32/WindowsPowerShell/v1.0:/mnt/c/Windows/System32/OpenSSH:/mnt/c/Users/sonup/AppData/Local/Microsoft/WindowsApps:/snap/bin:/root/.fzf/bin
10 verbose lifecycle cravings@1.0.0~start: CWD: /mnt/c/Users/sonup/Documents/school/usc/coursework/junior_year/semester2/csci401/cravings
11 silly lifecycle cravings@1.0.0~start: Args: [ '-c', 'nodemon server/index.js' ]
12 info lifecycle cravings@1.0.0~start: Failed to exec start script
13 verbose stack Error: cravings@1.0.0 start: `nodemon server/index.js`
13 verbose stack spawn ENOENT
13 verbose stack     at ChildProcess.<anonymous> (/usr/share/npm/lib/utils/spawn.js:17:16)
13 verbose stack     at emitTwo (events.js:126:13)
13 verbose stack     at ChildProcess.emit (events.js:214:7)
13 verbose stack     at maybeClose (internal/child_process.js:925:16)
13 verbose stack     at Process.ChildProcess._handle.onexit (internal/child_process.js:209:5)
14 verbose pkgid cravings@1.0.0
15 verbose cwd /mnt/c/Users/sonup/Documents/school/usc/coursework/junior_year/semester2/csci401/cravings
16 error Linux 4.4.0-17134-Microsoft
17 error argv "/usr/bin/node" "/usr/bin/npm" "run" "start"
18 error node v8.10.0
19 error npm  v3.5.2
20 error file sh
21 error code ELIFECYCLE
22 error errno ENOENT
23 error syscall spawn
24 error cravings@1.0.0 start: `nodemon server/index.js`
24 error spawn ENOENT
25 error Failed at the cravings@1.0.0 start script 'nodemon server/index.js'.
25 error Make sure you have the latest version of node.js and npm installed.
25 error If you do, this is most likely a problem with the cravings package,
25 error not with npm itself.
25 error Tell the author that this fails on your system:
25 error     nodemon server/index.js
25 error You can get information on how to open an issue for this project with:
25 error     npm bugs cravings
25 error Or if that isn't available, you can get their info via:
25 error     npm owner ls cravings
25 error There is likely additional logging output above.
26 verbose exit [ 1, true ]
